D:\TEMP\1021\WINDOWSFORMSAPP\WINDOWSFORMSAPP\DEBUG\WINDOWSFORMSAPP.PCH
D:\TEMP\1021\WINDOWSFORMSAPP\WINDOWSFORMSAPP\DEBUG\STDAFX.OBJ
D:\TEMP\1021\WINDOWSFORMSAPP\WINDOWSFORMSAPP\DEBUG\VC110.PDB
D:\TEMP\1021\WINDOWSFORMSAPP\WINDOWSFORMSAPP\DEBUG\ASSEMBLYINFO.OBJ
D:\TEMP\1021\WINDOWSFORMSAPP\WINDOWSFORMSAPP\DEBUG\WINDOWSFORMSAPP.OBJ
D:\TEMP\1021\WINDOWSFORMSAPP\WINDOWSFORMSAPP\DEBUG\.NETFRAMEWORK,VERSION=V4.5.ASSEMBLYATTRIBUTES.OBJ
D:\TEMP\1021\WINDOWSFORMSAPP\DEBUG\WINDOWSFORMSAPP.PDB
D:\TEMP\1021\WINDOWSFORMSAPP\WINDOWSFORMSAPP\DEBUG\APP.RES
D:\temp\1021\WindowsFormsApp\WindowsFormsApp\Debug\WindowsFormsApp.Form1.resources
D:\temp\1021\WindowsFormsApp\WindowsFormsApp\Debug\WindowsFormsApp.vcxproj.GenerateResource.Cache
D:\temp\1021\WindowsFormsApp\WindowsFormsApp\Debug\.NETFramework,Version=v4.5.AssemblyAttributes.obj
D:\temp\1021\WindowsFormsApp\WindowsFormsApp\Debug\AssemblyInfo.obj
D:\temp\1021\WindowsFormsApp\WindowsFormsApp\Debug\stdafx.obj
D:\temp\1021\WindowsFormsApp\WindowsFormsApp\Debug\WindowsFormsApp.obj
D:\temp\1021\WindowsFormsApp\WindowsFormsApp\Debug\cl.command.1.tlog
D:\temp\1021\WindowsFormsApp\WindowsFormsApp\Debug\CL.read.1.tlog
D:\temp\1021\WindowsFormsApp\WindowsFormsApp\Debug\CL.write.1.tlog
D:\temp\1021\WindowsFormsApp\WindowsFormsApp\Debug\link.3604-cvtres.read.1.tlog
D:\temp\1021\WindowsFormsApp\WindowsFormsApp\Debug\link.3604-cvtres.write.1.tlog
D:\temp\1021\WindowsFormsApp\WindowsFormsApp\Debug\link.3604-rc.read.1.tlog
D:\temp\1021\WindowsFormsApp\WindowsFormsApp\Debug\link.3604-rc.write.1.tlog
D:\temp\1021\WindowsFormsApp\WindowsFormsApp\Debug\link.3604.read.1.tlog
D:\temp\1021\WindowsFormsApp\WindowsFormsApp\Debug\link.3604.write.1.tlog
D:\temp\1021\WindowsFormsApp\WindowsFormsApp\Debug\link.4756-cvtres.read.1.tlog
D:\temp\1021\WindowsFormsApp\WindowsFormsApp\Debug\link.4756-cvtres.write.1.tlog
D:\temp\1021\WindowsFormsApp\WindowsFormsApp\Debug\link.4756-rc.read.1.tlog
D:\temp\1021\WindowsFormsApp\WindowsFormsApp\Debug\link.4756-rc.write.1.tlog
D:\temp\1021\WindowsFormsApp\WindowsFormsApp\Debug\link.4756.read.1.tlog
D:\temp\1021\WindowsFormsApp\WindowsFormsApp\Debug\link.4756.write.1.tlog
D:\temp\1021\WindowsFormsApp\WindowsFormsApp\Debug\link.command.1.tlog
D:\temp\1021\WindowsFormsApp\WindowsFormsApp\Debug\link.read.1.tlog
D:\temp\1021\WindowsFormsApp\WindowsFormsApp\Debug\link.write.1.tlog
D:\temp\1021\WindowsFormsApp\WindowsFormsApp\Debug\metagen.read.1.tlog
D:\temp\1021\WindowsFormsApp\WindowsFormsApp\Debug\metagen.write.1.tlog
D:\temp\1021\WindowsFormsApp\WindowsFormsApp\Debug\rc.command.1.tlog
D:\temp\1021\WindowsFormsApp\WindowsFormsApp\Debug\rc.read.1.tlog
D:\temp\1021\WindowsFormsApp\WindowsFormsApp\Debug\rc.write.1.tlog
D:\temp\1021\WindowsFormsApp\WindowsFormsApp\Debug\WindowsFormsApp.write.1.tlog
D:\temp\1021\WindowsFormsApp\WindowsFormsApp\Debug\app.res
D:\temp\1021\WindowsFormsApp\WindowsFormsApp\Debug\WindowsFormsApp.pch
D:\temp\1021\WindowsFormsApp\WindowsFormsApp\Debug\vc110.pdb
D:\temp\1021\WindowsFormsApp\WindowsFormsApp\Debug\RSAENH.DLL.bi
D:\temp\1021\WindowsFormsApp\WindowsFormsApp\Debug\TZRES.DLL.bi
D:\temp\1021\WindowsFormsApp\Debug\WindowsFormsApp.pdb
D:\temp\1021\WindowsFormsApp\Debug\WindowsFormsApp.exe
D:\temp\1021\WindowsFormsApp\Debug\WindowsFormsApp.ilk
